console.error: 
  Corrupt session file (invalid JSON found) 
  Message: SyntaxError: JSON.parse: unexpected end of data at line 1 column 1 of the JSON data
  Stack:
    SessionFileInternal.read<@resource://app/modules/sessionstore/SessionFile.jsm:227:22
TaskImpl_run@resource://gre/modules/Task.jsm:319:40
Handler.prototype.process@resource://gre/modules/Promise.jsm -> resource://gre/modules/Promise-backend.js:937:23
this.PromiseWalker.walkerLoop@resource://gre/modules/Promise.jsm -> resource://gre/modules/Promise-backend.js:816:7
this.PromiseWalker.scheduleWalkerLoop/<@resource://gre/modules/Promise.jsm -> resource://gre/modules/Promise-backend.js:750:11

  SessionFileInternal.read<@resource://app/modules/sessionstore/SessionFile.jsm:227:22
TaskImpl_run@resource://gre/modules/Task.jsm:319:40
Handler.prototype.process@resource://gre/modules/Promise.jsm -> resource://gre/modules/Promise-backend.js:937:23
this.PromiseWalker.walkerLoop@resource://gre/modules/Promise.jsm -> resource://gre/modules/Promise-backend.js:816:7
this.PromiseWalker.scheduleWalkerLoop/<@resource://gre/modules/Promise.jsm -> resource://gre/modules/Promise-backend.js:750:11

WARN  2017-02-07 04:10:33 unity.shell.compiz unityshell.cpp:3228 Animation plugin not found. Can't set minimize speed.
1486411844936	addons.update-checker	WARN	Update manifest for {972ce4c6-7e08-4474-a285-3208198ce6fd} did not contain an updates property
1486411845893	addons.update-checker	WARN	Update manifest for firefox@getpocket.com did not contain an updates property
1486411845919	addons.update-checker	WARN	Update manifest for websensehelper@mozilla.org did not contain an updates property
1486411846123	addons.update-checker	WARN	Update manifest for e10srollout@mozilla.org did not contain an updates property
1486411847929	addons.xpi	ERROR	Attempted to load bootstrap scope from missing directory /home/framgia-ror/.mozilla/firefox/0xscqotc.default/extensions/firefox-hotfix@mozilla.org.xpi
1486411847932	addons.xpi	WARN	Add-on firefox-hotfix@mozilla.org is missing bootstrap method shutdown
1486411847945	addons.manager	WARN	Exception calling callback: [Exception... "Component returned failure code: 0x80520006 (NS_ERROR_FILE_TARGET_DOES_NOT_EXIST) [nsIFile.isDirectory]"  nsresult: "0x80520006 (NS_ERROR_FILE_TARGET_DOES_NOT_EXIST)"  location: "JS frame :: resource://gre/modules/addons/XPIProvider.jsm :: getURIForResourceInFile :: line 1461"  data: no] Stack trace: getURIForResourceInFile()@resource://gre/modules/addons/XPIProvider.jsm:1461 < this.XPIProvider.callBootstrapMethod()@resource://gre/modules/addons/XPIProvider.jsm:4686 < this.XPIProvider.uninstallAddon()@resource://gre/modules/addons/XPIProvider.jsm:4964 < AddonWrapper.prototype.uninstall()@resource://gre/modules/addons/XPIProvider.jsm:7198 < uninstallHotfix/<()@resource://gre/modules/addons/XPIProvider.jsm -> jar:file:///home/framgia-ror/.mozilla/firefox/0xscqotc.default/extensions/firefox-hotfix@mozilla.org.xpi!/bootstrap.js:93 < safeCall()@resource://gre/modules/AddonManager.jsm:179 < makeSafe/<()@resource://gre/modules/AddonManager.jsm:195 < Handler.prototype.process()@resource://gre/modules/Promise.jsm -> resource://gre/modules/Promise-backend.js:937 < this.PromiseWalker.walkerLoop()@resource://gre/modules/Promise.jsm -> resource://gre/modules/Promise-backend.js:816 < this.PromiseWalker.scheduleWalkerLoop/<()@resource://gre/modules/Promise.jsm -> resource://gre/modules/Promise-backend.js:750
javaldx: Could not find a Java Runtime Environment!
Warning: failed to read path from javaldx

(soffice:7230): Gdk-WARNING **: gdk_window_set_icon_list: icons too large

(soffice:7247): Gdk-WARNING **: gdk_window_set_icon_list: icons too large

(soffice:7247): Gdk-WARNING **: gdk_window_set_icon_list: icons too large

(soffice:7247): Gdk-WARNING **: gdk_window_set_icon_list: icons too large

(soffice:7247): Gdk-WARNING **: gdk_window_set_icon_list: icons too large

** (soffice:7247): WARNING **: Invalidate all children called

